[29-Nov-2023 09:16:58 UTC] Sync process for Gutenberg Blocks has started.
[29-Nov-2023 09:16:58 UTC] CATEGORY:Importing categories..
[29-Nov-2023 09:16:58 UTC] CATEGORY:Storing in option ast-block-templates-categories
[29-Nov-2023 09:16:58 UTC] CATEGORY:Completed category import.
[29-Nov-2023 09:16:58 UTC] BLOCK: Getting Total Blocks
[29-Nov-2023 09:16:58 UTC] BLOCK: https://websitedemos.net/wp-json/astra-blocks/v1/get-blocks-count/?page_builder=gutenberg&wireframe=yes
[29-Nov-2023 09:16:58 UTC] BLOCK: Requests count 4
[29-Nov-2023 09:16:58 UTC] BLOCK: Importing request 1 ..
[29-Nov-2023 09:16:58 UTC] BLOCK: https://websitedemos.net/wp-json/astra-blocks/v1/blocks/?page_builder=gutenberg&per_page=100&page=1&wireframe=yes
[29-Nov-2023 09:16:59 UTC] BLOCK: Storing in option ast-block-templates-blocks-1
[29-Nov-2023 09:16:59 UTC] BLOCK: Completed request 1
[29-Nov-2023 09:16:59 UTC] BLOCK: Importing request 2 ..
[29-Nov-2023 09:16:59 UTC] BLOCK: https://websitedemos.net/wp-json/astra-blocks/v1/blocks/?page_builder=gutenberg&per_page=100&page=2&wireframe=yes
[29-Nov-2023 09:16:59 UTC] BLOCK: Storing in option ast-block-templates-blocks-2
[29-Nov-2023 09:16:59 UTC] BLOCK: Completed request 2
[29-Nov-2023 09:16:59 UTC] BLOCK: Importing request 3 ..
[29-Nov-2023 09:16:59 UTC] BLOCK: https://websitedemos.net/wp-json/astra-blocks/v1/blocks/?page_builder=gutenberg&per_page=100&page=3&wireframe=yes
[29-Nov-2023 09:16:59 UTC] BLOCK: Storing in option ast-block-templates-blocks-3
[29-Nov-2023 09:17:00 UTC] BLOCK: Completed request 3
[29-Nov-2023 09:17:00 UTC] BLOCK: Importing request 4 ..
[29-Nov-2023 09:17:00 UTC] BLOCK: https://websitedemos.net/wp-json/astra-blocks/v1/blocks/?page_builder=gutenberg&per_page=100&page=4&wireframe=yes
[29-Nov-2023 09:17:00 UTC] BLOCK: Storing in option ast-block-templates-blocks-4
[29-Nov-2023 09:17:00 UTC] BLOCK: Completed request 4
[29-Nov-2023 09:17:00 UTC] SITE: Getting Total Sites
[29-Nov-2023 09:17:00 UTC] SITE: https://websitedemos.net/wp-json/astra-sites/v1/get-total-pages/?page_builder=gutenberg
[29-Nov-2023 09:17:00 UTC] SITE: Request count 2
[29-Nov-2023 09:17:00 UTC] SITE: Importing request 1 ..
[29-Nov-2023 09:17:00 UTC] SITE: https://websitedemos.net/wp-json/astra-sites/v1/sites-and-pages/?per_page=100&page=1&page-builder=gutenberg
[29-Nov-2023 09:17:01 UTC] SITE: Storing in option ast-block-templates-sites-1
[29-Nov-2023 09:17:01 UTC] SITE: Completed request 1
[29-Nov-2023 09:17:01 UTC] SITE: Importing request 2 ..
[29-Nov-2023 09:17:01 UTC] SITE: https://websitedemos.net/wp-json/astra-sites/v1/sites-and-pages/?per_page=100&page=2&page-builder=gutenberg
[29-Nov-2023 09:17:02 UTC] SITE: Storing in option ast-block-templates-sites-2
[29-Nov-2023 09:17:02 UTC] SITE: Completed request 2
[29-Nov-2023 09:17:02 UTC] Sync process for Gutenberg Blocks is done.
[30-Nov-2023 08:13:36 UTC] PHP Warning:  Undefined variable $options in C:\Users\vlivs\Local Sites\maycar1\app\public\wp-content\plugins\astra-sites\inc\classes\class-astra-sites.php on line 2327
[30-Nov-2023 08:13:36 UTC] PHP Warning:  Undefined variable $enabled_extensions in C:\Users\vlivs\Local Sites\maycar1\app\public\wp-content\plugins\astra-sites\inc\classes\class-astra-sites.php on line 2327
[30-Nov-2023 08:13:36 UTC] PHP Warning:  Undefined variable $options in C:\Users\vlivs\Local Sites\maycar1\app\public\wp-content\plugins\astra-sites\inc\classes\class-astra-sites.php on line 2327
[30-Nov-2023 08:13:36 UTC] PHP Warning:  Undefined variable $enabled_extensions in C:\Users\vlivs\Local Sites\maycar1\app\public\wp-content\plugins\astra-sites\inc\classes\class-astra-sites.php on line 2327
[30-Nov-2023 08:15:13 UTC] PHP Warning:  Undefined variable $options in C:\Users\vlivs\Local Sites\maycar1\app\public\wp-content\plugins\astra-sites\inc\classes\class-astra-sites.php on line 2327
[30-Nov-2023 08:15:13 UTC] PHP Warning:  Undefined variable $enabled_extensions in C:\Users\vlivs\Local Sites\maycar1\app\public\wp-content\plugins\astra-sites\inc\classes\class-astra-sites.php on line 2327
[30-Nov-2023 09:17:06 UTC] PHP Warning:  Undefined variable $options in C:\Users\vlivs\Local Sites\maycar1\app\public\wp-content\plugins\astra-sites\inc\classes\class-astra-sites.php on line 2327
[30-Nov-2023 09:17:06 UTC] PHP Warning:  Undefined variable $enabled_extensions in C:\Users\vlivs\Local Sites\maycar1\app\public\wp-content\plugins\astra-sites\inc\classes\class-astra-sites.php on line 2327
[30-Nov-2023 09:17:06 UTC] PHP Warning:  Undefined variable $options in C:\Users\vlivs\Local Sites\maycar1\app\public\wp-content\plugins\astra-sites\inc\classes\class-astra-sites.php on line 2327
[30-Nov-2023 09:17:06 UTC] PHP Warning:  Undefined variable $enabled_extensions in C:\Users\vlivs\Local Sites\maycar1\app\public\wp-content\plugins\astra-sites\inc\classes\class-astra-sites.php on line 2327
[30-Nov-2023 09:20:16 UTC] PHP Warning:  Undefined variable $options in C:\Users\vlivs\Local Sites\maycar1\app\public\wp-content\plugins\astra-sites\inc\classes\class-astra-sites.php on line 2327
[30-Nov-2023 09:20:16 UTC] PHP Warning:  Undefined variable $enabled_extensions in C:\Users\vlivs\Local Sites\maycar1\app\public\wp-content\plugins\astra-sites\inc\classes\class-astra-sites.php on line 2327
[30-Nov-2023 09:20:16 UTC] PHP Warning:  Undefined variable $options in C:\Users\vlivs\Local Sites\maycar1\app\public\wp-content\plugins\astra-sites\inc\classes\class-astra-sites.php on line 2327
[30-Nov-2023 09:20:16 UTC] PHP Warning:  Undefined variable $enabled_extensions in C:\Users\vlivs\Local Sites\maycar1\app\public\wp-content\plugins\astra-sites\inc\classes\class-astra-sites.php on line 2327
[30-Nov-2023 09:21:29 UTC] PHP Warning:  Undefined variable $options in C:\Users\vlivs\Local Sites\maycar1\app\public\wp-content\plugins\astra-sites\inc\classes\class-astra-sites.php on line 2327
[30-Nov-2023 09:21:29 UTC] PHP Warning:  Undefined variable $enabled_extensions in C:\Users\vlivs\Local Sites\maycar1\app\public\wp-content\plugins\astra-sites\inc\classes\class-astra-sites.php on line 2327
[30-Nov-2023 09:21:29 UTC] PHP Warning:  Undefined variable $options in C:\Users\vlivs\Local Sites\maycar1\app\public\wp-content\plugins\astra-sites\inc\classes\class-astra-sites.php on line 2327
[30-Nov-2023 09:21:29 UTC] PHP Warning:  Undefined variable $enabled_extensions in C:\Users\vlivs\Local Sites\maycar1\app\public\wp-content\plugins\astra-sites\inc\classes\class-astra-sites.php on line 2327
[05-Dec-2023 06:08:00 UTC] Sync process for Gutenberg Blocks has started.
[05-Dec-2023 06:08:00 UTC] CATEGORY:Importing categories..
[05-Dec-2023 06:08:00 UTC] CATEGORY:Storing in option ast-block-templates-categories
[05-Dec-2023 06:08:00 UTC] CATEGORY:Completed category import.
[05-Dec-2023 06:08:00 UTC] BLOCK: Getting Total Blocks
[05-Dec-2023 06:08:00 UTC] BLOCK: https://websitedemos.net/wp-json/astra-blocks/v1/get-blocks-count/?page_builder=gutenberg&wireframe=yes
[05-Dec-2023 06:08:01 UTC] BLOCK: Requests count 4
[05-Dec-2023 06:08:01 UTC] BLOCK: Importing request 1 ..
[05-Dec-2023 06:08:01 UTC] BLOCK: https://websitedemos.net/wp-json/astra-blocks/v1/blocks/?page_builder=gutenberg&per_page=100&page=1&wireframe=yes
[05-Dec-2023 06:08:01 UTC] BLOCK: Storing in option ast-block-templates-blocks-1
[05-Dec-2023 06:08:01 UTC] BLOCK: Completed request 1
[05-Dec-2023 06:08:01 UTC] BLOCK: Importing request 2 ..
[05-Dec-2023 06:08:01 UTC] BLOCK: https://websitedemos.net/wp-json/astra-blocks/v1/blocks/?page_builder=gutenberg&per_page=100&page=2&wireframe=yes
[05-Dec-2023 06:08:01 UTC] BLOCK: Storing in option ast-block-templates-blocks-2
[05-Dec-2023 06:08:01 UTC] BLOCK: Completed request 2
[05-Dec-2023 06:08:01 UTC] BLOCK: Importing request 3 ..
[05-Dec-2023 06:08:01 UTC] BLOCK: https://websitedemos.net/wp-json/astra-blocks/v1/blocks/?page_builder=gutenberg&per_page=100&page=3&wireframe=yes
[05-Dec-2023 06:08:01 UTC] BLOCK: Storing in option ast-block-templates-blocks-3
[05-Dec-2023 06:08:01 UTC] BLOCK: Completed request 3
[05-Dec-2023 06:08:01 UTC] BLOCK: Importing request 4 ..
[05-Dec-2023 06:08:01 UTC] BLOCK: https://websitedemos.net/wp-json/astra-blocks/v1/blocks/?page_builder=gutenberg&per_page=100&page=4&wireframe=yes
[05-Dec-2023 06:08:02 UTC] BLOCK: Storing in option ast-block-templates-blocks-4
[05-Dec-2023 06:08:02 UTC] BLOCK: Completed request 4
[05-Dec-2023 06:08:02 UTC] SITE: Getting Total Sites
[05-Dec-2023 06:08:02 UTC] SITE: https://websitedemos.net/wp-json/astra-sites/v1/get-total-pages/?page_builder=gutenberg
[05-Dec-2023 06:08:02 UTC] SITE: Request count 2
[05-Dec-2023 06:08:02 UTC] SITE: Importing request 1 ..
[05-Dec-2023 06:08:02 UTC] SITE: https://websitedemos.net/wp-json/astra-sites/v1/sites-and-pages/?per_page=100&page=1&page-builder=gutenberg
[05-Dec-2023 06:08:02 UTC] SITE: Storing in option ast-block-templates-sites-1
[05-Dec-2023 06:08:03 UTC] SITE: Completed request 1
[05-Dec-2023 06:08:03 UTC] SITE: Importing request 2 ..
[05-Dec-2023 06:08:03 UTC] SITE: https://websitedemos.net/wp-json/astra-sites/v1/sites-and-pages/?per_page=100&page=2&page-builder=gutenberg
[05-Dec-2023 06:08:03 UTC] SITE: Storing in option ast-block-templates-sites-2
[05-Dec-2023 06:08:03 UTC] SITE: Completed request 2
[05-Dec-2023 06:08:03 UTC] Sync process for Gutenberg Blocks is done.
[05-Dec-2023 06:33:18 UTC] Cron reschedule event error for hook: action_scheduler_run_queue, Error code: could_not_set, Error message: The cron event list could not be saved., Data: {"schedule":"every_minute","args":["WP Cron"],"interval":60}
